-------------------------------------------------------------------------------
Test set: TestClassCreatingOrders
-------------------------------------------------------------------------------
Tests run: 4, Failures: 1, Errors: 0, Skipped: 0, Time elapsed: 34.81 s <<< FAILURE! - in TestClassCreatingOrders
checkIfInvalidHashBlocksOrderCreation(TestClassCreatingOrders)  Time elapsed: 1.066 s  <<< FAILURE!
java.lang.AssertionError: 
1 expectation failed.
Expected status code <500> but was <400>.

	at TestClassCreatingOrders.checkIfInvalidHashBlocksOrderCreation(TestClassCreatingOrders.java:96)

