<?xml version="1.0" encoding="UTF-8"?>
<testsuite xmlns:xsi="http://www.w3.org/2001/XMLSchema-instance" xsi:noNamespaceSchemaLocation="https://maven.apache.org/surefire/maven-surefire-plugin/xsd/surefire-test-report.xsd" name="TestUserPatch" time="5.938" tests="5" errors="0" skipped="0" failures="0">
  <properties>
[...]
</properties>
  <testcase name="verifyChangingPassword" classname="TestUserPatch" time="0.989"/>
  <testcase name="verifyChangingNewEmail" classname="TestUserPatch" time="1.043"/>
  <testcase name="verifyUnauthorizedUserCannotPatch" classname="TestUserPatch" time="0.984"/>
  <testcase name="verifyChangingToExistingEmailFails" classname="TestUserPatch" time="1.831"/>
  <testcase name="verifyChangingName" classname="TestUserPatch" time="1.072"/>
</testsuite>